2025-04-21T12:57:13+00:00 DEBUG POST: https://ads.tiktok.com/marketing_api/api/developer/app/create_auto_approve/

{"business_platform":"PROD","smb_id":"tt4b_woocommerce_680640a99fbcbhttplocalhost1001wp-admin","smb_name":"PROD","redirect_url":"http:\/\/localhost:1001\/wp-admin\/"}
 ajax: no
2025-04-21T12:57:13+00:00 DEBUG Tt4b_Mapi_Class::create_open_source_app: Response: 

HTTP/1.1 200 OK
Content-Type: application/json
X-Tt-Logid: 20250421125712C6EDB036A75C0FD03B45,20250421125712C6EDB036A75C0FD03B45
Strict-Transport-Security: max-age=31536000; includeSubDomains
x-tt-trace-host: 01c8c866630ae592e8f2b3961d1a75953282b03afb77809f8141ca2ba75bc1ac0b2c2e32bc472fba746e146f027c02a36b979e888900a47f395b3d107724e1328c99daaa86918b6b887822cc567b376c5545737ec7e2d201175f402fdac6d771893a075948404526f4e019bd5e0ae3248f
x-tt-trace-id: 00-250421125712C6EDB036A75C0FD03B45-28AC2EE65E79F99F-00
Server: TLB
Content-Encoding: gzip
Content-Length: 204
X-Origin-Response-Time: 82,23.193.164.178
X-Akamai-Request-ID: 2de4991c.6479be15
Date: Mon, 21 Apr 2025 12:57:13 GMT
X-Cache: TCP_MISS from a27-77-82-150.deploy.akamaitechnologies.com (AkamaiGHost/22.1.0-4f1ef2e9a8e1a0c8be2b8a74a525c274) (-)
Connection: close
Vary: Accept-Encoding
X-Cache-Remote: TCP_MISS from a23-193-164-178.deploy.akamaitechnologies.com (AkamaiGHost/22.1.0-4f1ef2e9a8e1a0c8be2b8a74a525c274) (-)
x-tt-trace-tag: id=16;cdn-cache=miss;type=dyn
Server-Timing: cdn-cache; desc=MISS, edge; dur=43, origin; dur=82
Server-Timing: inner; dur=79
X-Parent-Response-Time: 122,27.77.82.150

{"code":0,"msg":"ok","data":{"external_data_key":"e74ef978-bc7d-4765-be8e-ad1e5fbd7549","app_id":"7495749727944589313","redirect_uri":"http:\/\/localhost:1001\/wp-admin\/","app_secret":"85f6502abfea47aeb3e8062323d7ef421b0a8ba6"}}
2025-04-21T13:02:07+00:00 DEBUG POST: https://business-api.tiktok.com/tbp/v2.0/business_profile/disconnect?external_data=

{"business_platform":"WOO_COMMERCE","external_business_id":"tt4b_woocommerce_680640a99fbcb"}
 ajax: no
2025-04-21T13:02:07+00:00 DEBUG Tt4b_Mapi_Class::tbp_post: Response: 

HTTP/1.1 200 OK
Content-Type: application/json; charset=utf-8
Content-Length: 95
X-Api-Deprecation-Info: API for Business Version 1.3 is now live. To avoid disruption to your business, we recommend you migrate all calls to v1.3 as soon as possible. Please visit our migration guide for more details: https://ads.tiktok.com/marketing_api/docs?id=1740029169927169
X-Domain-Change-Info: We have moved to the new domain business-api.tiktok.com for API services after the Platform Upgrade on 09/30/2021. Please update all of your requests with the new domain if you haven't done so already. For more information, please visit https://ads.tiktok.com/marketing_api/docs?rid=esb88xalm6m&id=1709207085043713
X-Tt-Logid: 2025042113020658383A16885DCACEB585
Server-Timing: inner; dur=12
x-tt-trace-host: 01c8c866630ae592e8f2b3961d1a759532be72d3860f06b84ede3079bfe9fb0c56f9ecd167f0dbb5d01450715f2861c745fb9d82fef48d84b8a35f5a4b9c054b14346fa69fa657b1105e9fd1b931d42a636f7e996ab8317ffd86dde24cfa11e693
x-tt-trace-id: 00-25042113020658383A16885DCACEB585-0F399CBE5AE737E3-00
Server: TLB
Expires: Mon, 21 Apr 2025 13:02:07 GMT
Cache-Control: max-age=0, no-cache, no-store
Pragma: no-cache
Date: Mon, 21 Apr 2025 13:02:07 GMT
X-Cache: TCP_MISS from a104-90-7-15.deploy.akamaitechnologies.com (AkamaiGHost/22.1.0-0ca00c147d19d7f8aed87fe96e7f5f75) (-)
Connection: close
x-tt-trace-tag: id=16;cdn-cache=miss;type=dyn
Server-Timing: cdn-cache; desc=MISS, edge; dur=5, origin; dur=47
X-Origin-Response-Time: 47,104.90.7.15
X-Akamai-Request-ID: 5dd9c69d

{"code":40001,"message":"Permission denied.","request_id":"2025042113020658383A16885DCACEB585"}
2025-04-21T13:02:07+00:00 DEBUG POST: https://business-api.tiktok.com/tbp/v2.0/shop/connection/disconnect?external_data=

--- EMPTY STRING ---
 ajax: no
2025-04-21T13:02:08+00:00 DEBUG Tt4b_Mapi_Class::tts_shop_disconnect: Response: 

HTTP/1.1 200 OK
Content-Type: application/json; charset=utf-8
Content-Length: 95
X-Api-Deprecation-Info: API for Business Version 1.3 is now live. To avoid disruption to your business, we recommend you migrate all calls to v1.3 as soon as possible. Please visit our migration guide for more details: https://ads.tiktok.com/marketing_api/docs?id=1740029169927169
X-Domain-Change-Info: We have moved to the new domain business-api.tiktok.com for API services after the Platform Upgrade on 09/30/2021. Please update all of your requests with the new domain if you haven't done so already. For more information, please visit https://ads.tiktok.com/marketing_api/docs?rid=esb88xalm6m&id=1709207085043713
X-Tt-Logid: 20250421130207E26D987326C3E9D0BC16
Server-Timing: inner; dur=12
x-tt-trace-host: 01c8c866630ae592e8f2b3961d1a759532a40b9f632cbc6b28b49dd41ed3ae1c8552896769b3515f83da917e03fae3eafc84d8e7168a46172e5238b10b3cbb8228fdeec43095114cf3b8beeaa7c7eb32dab676df9208639269defb0117b401a5ba
x-tt-trace-id: 00-250421130207E26D987326C3E9D0BC16-14D66E22079F7CDF-00
Server: TLB
Expires: Mon, 21 Apr 2025 13:02:08 GMT
Cache-Control: max-age=0, no-cache, no-store
Pragma: no-cache
Date: Mon, 21 Apr 2025 13:02:08 GMT
X-Cache: TCP_MISS from a104-90-7-63.deploy.akamaitechnologies.com (AkamaiGHost/22.1.0-0ca00c147d19d7f8aed87fe96e7f5f75) (-)
Connection: close
x-tt-trace-tag: id=16;cdn-cache=miss;type=dyn
Server-Timing: cdn-cache; desc=MISS, edge; dur=4, origin; dur=57
X-Origin-Response-Time: 58,104.90.7.63
X-Akamai-Request-ID: 597a3d71

{"code":40001,"message":"Permission denied.","request_id":"20250421130207E26D987326C3E9D0BC16"}
2025-04-21T13:02:11+00:00 DEBUG POST: https://ads.tiktok.com/marketing_api/api/developer/app/create_auto_approve/

{"business_platform":"PROD","smb_id":"tt4b_woocommerce_680640a99fbcbhttplocalhost1001wp-admin","smb_name":"PROD","redirect_url":"http:\/\/localhost:1001\/wp-admin\/"}
 ajax: no
2025-04-21T13:02:11+00:00 DEBUG Tt4b_Mapi_Class::create_open_source_app: Response: 

HTTP/1.1 200 OK
Content-Type: application/json
X-Tt-Logid: 202504211302106A2F5D77C38FA2D2A142,202504211302106A2F5D77C38FA2D2A142
Strict-Transport-Security: max-age=31536000; includeSubDomains
Server-Timing: inner; dur=66
x-tt-trace-host: 01c8c866630ae592e8f2b3961d1a7595328f0cf5b58f1a04a6e46128a844acfc30295136374ac32d42fb039e844fc27ff4a646b9a05f742c8ca158057a52a1027f802b7094bdcf9ae9e9ca8a8bdae131658a3a32082135849f53146e87c7128257
x-tt-trace-id: 00-2504211302106A2F5D77C38FA2D2A142-2EAC57CE4B50C775-00
Server: TLB
Content-Encoding: gzip
Date: Mon, 21 Apr 2025 13:02:11 GMT
Content-Length: 203
X-Cache: TCP_MISS from a27-77-82-132.deploy.akamaitechnologies.com (AkamaiGHost/22.1.0-4f1ef2e9a8e1a0c8be2b8a74a525c274) (-)
Connection: close
Vary: Accept-Encoding
x-tt-trace-tag: id=16;cdn-cache=miss;type=dyn
Server-Timing: cdn-cache; desc=MISS, edge; dur=3, origin; dur=109
X-Origin-Response-Time: 109,27.77.82.132
X-Akamai-Request-ID: 3ae54378

{"code":0,"msg":"ok","data":{"redirect_uri":"http:\/\/localhost:1001\/wp-admin\/","app_secret":"3a8bb54f1d889a21d2696424a9cfaf166d970986","app_id":"7495751007272435729","external_data_key":"4b186e5f-b78e-4a20-a896-4f7eb72b9574"}}
